-------------------------------------------------------------------------------
Test set: com.quest.library_management_system.LibraryManagementSystemApplicationTests
-------------------------------------------------------------------------------
Tests run: 1, Failures: 0, Errors: 1, Skipped: 0, Time elapsed: 6.283 s <<< FAILURE! - in com.quest.library_management_system.LibraryManagementSystemApplicationTests
contextLoads  Time elapsed: 0.009 s  <<< ERROR!
java.lang.IllegalStateException: Failed to load ApplicationContext for [WebMergedContextConfiguration@68303c3e testClass = com.quest.library_management_system.LibraryManagementSystemApplicationTests, locations = [], classes = [com.quest.library_management_system.LibraryManagementSystemApplication], contextInitializerClasses = [], activeProfiles = [], propertySourceLocations = [], propertySourceProperties = ["org.springframework.boot.test.context.SpringBootTestContextBootstrapper=true"], contextCustomizers = [org.springframework.boot.test.context.filter.ExcludeFilterContextCustomizer@5a9f4771, org.springframework.boot.test.json.DuplicateJsonObjectContextCustomizerFactory$DuplicateJsonObjectContextCustomizer@258d79be, org.springframework.boot.test.mock.mockito.MockitoContextCustomizer@0, org.springframework.boot.test.web.client.TestRestTemplateContextCustomizer@68dc098b, org.springframework.boot.test.autoconfigure.actuate.observability.ObservabilityContextCustomizerFactory$DisableObservabilityContextCustomizer@9da1, org.springframework.boot.test.autoconfigure.properties.PropertyMappingContextCustomizer@0, org.springframework.boot.test.autoconfigure.web.servlet.WebDriverContextCustomizerFactory$Customizer@45a37759, org.springframework.boot.test.context.SpringBootTestAnnotation@17891dfa], resourceBasePath = "src/main/webapp", contextLoader = org.springframework.boot.test.context.SpringBootContextLoader, parent = null]
Caused by: org.springframework.beans.factory.UnsatisfiedDependencyException: Error creating bean with name 'userController': Unsatisfied dependency expressed through field 'userservice': Error creating bean with name 'userservice' defined in file [C:\Users\shiva\Desktop\spring\library_management_system\target\classes\com\quest\library_management_system\service\Userservice.class]: Unsatisfied dependency expressed through constructor parameter 0: Error creating bean with name 'userRepository' defined in com.quest.library_management_system.repository.UserRepository defined in @EnableJpaRepositories declared on JpaRepositoriesRegistrar.EnableJpaRepositoriesConfiguration: Could not create query for public abstract java.util.List com.quest.library_management_system.repository.UserRepository.findByNameLikeAndEmailLike(java.lang.String,java.lang.String); Reason: Failed to create query for method public abstract java.util.List com.quest.library_management_system.repository.UserRepository.findByNameLikeAndEmailLike(java.lang.String,java.lang.String); No property 'name' found for type 'User'
Caused by: org.springframework.beans.factory.UnsatisfiedDependencyException: Error creating bean with name 'userservice' defined in file [C:\Users\shiva\Desktop\spring\library_management_system\target\classes\com\quest\library_management_system\service\Userservice.class]: Unsatisfied dependency expressed through constructor parameter 0: Error creating bean with name 'userRepository' defined in com.quest.library_management_system.repository.UserRepository defined in @EnableJpaRepositories declared on JpaRepositoriesRegistrar.EnableJpaRepositoriesConfiguration: Could not create query for public abstract java.util.List com.quest.library_management_system.repository.UserRepository.findByNameLikeAndEmailLike(java.lang.String,java.lang.String); Reason: Failed to create query for method public abstract java.util.List com.quest.library_management_system.repository.UserRepository.findByNameLikeAndEmailLike(java.lang.String,java.lang.String); No property 'name' found for type 'User'
Caused by: org.springframework.beans.factory.BeanCreationException: Error creating bean with name 'userRepository' defined in com.quest.library_management_system.repository.UserRepository defined in @EnableJpaRepositories declared on JpaRepositoriesRegistrar.EnableJpaRepositoriesConfiguration: Could not create query for public abstract java.util.List com.quest.library_management_system.repository.UserRepository.findByNameLikeAndEmailLike(java.lang.String,java.lang.String); Reason: Failed to create query for method public abstract java.util.List com.quest.library_management_system.repository.UserRepository.findByNameLikeAndEmailLike(java.lang.String,java.lang.String); No property 'name' found for type 'User'
Caused by: org.springframework.data.repository.query.QueryCreationException: Could not create query for public abstract java.util.List com.quest.library_management_system.repository.UserRepository.findByNameLikeAndEmailLike(java.lang.String,java.lang.String); Reason: Failed to create query for method public abstract java.util.List com.quest.library_management_system.repository.UserRepository.findByNameLikeAndEmailLike(java.lang.String,java.lang.String); No property 'name' found for type 'User'
Caused by: java.lang.IllegalArgumentException: Failed to create query for method public abstract java.util.List com.quest.library_management_system.repository.UserRepository.findByNameLikeAndEmailLike(java.lang.String,java.lang.String); No property 'name' found for type 'User'
Caused by: org.springframework.data.mapping.PropertyReferenceException: No property 'name' found for type 'User'

